<testng-results>
  <reporter-output>
  </reporter-output>
  <suite name="My Sample Suite" duration-ms="2120" started-at="2014-12-14T17:39:09Z" finished-at="2014-12-14T17:39:11Z">
    <groups>
    </groups>
    <test name="Data Test" duration-ms="1920" started-at="2014-12-14T17:39:09Z" finished-at="2014-12-14T17:39:11Z">
      <class name="Tests.dataRead">
        <test-method status="PASS" signature="datatest()" name="datatest" duration-ms="1920" started-at="2014-12-14T17:39:09Z" finished-at="2014-12-14T17:39:11Z">
        </test-method>
      </class>
    </test>
    <test name="My Test 2" duration-ms="10" started-at="2014-12-14T17:39:09Z" finished-at="2014-12-14T17:39:09Z">
      <class name="Tests.loginTest">
        <test-method status="PASS" signature="Logout()" name="Logout" duration-ms="10" started-at="2014-12-14T17:39:09Z" finished-at="2014-12-14T17:39:09Z">
        </test-method>
        <test-method status="PASS" signature="Login()" name="Login" duration-ms="0" started-at="2014-12-14T17:39:09Z" finished-at="2014-12-14T17:39:09Z">
        </test-method>
      </class>
    </test>
    <test name="My Test 3" duration-ms="10" started-at="2014-12-14T17:39:09Z" finished-at="2014-12-14T17:39:09Z">
      <class name="Tests.Testers">
        <test-method status="PASS" signature="Me()" name="Me" duration-ms="0" started-at="2014-12-14T17:39:09Z" finished-at="2014-12-14T17:39:09Z">
        </test-method>
        <test-method status="PASS" signature="Xmen()" name="Xmen" duration-ms="0" started-at="2014-12-14T17:39:09Z" finished-at="2014-12-14T17:39:09Z">
        </test-method>
      </class>
    </test>
    <test name="ListenerTest" duration-ms="0" started-at="2014-12-14T17:39:11Z" finished-at="2014-12-14T17:39:11Z">
      <class name="Tests.ListenerTest">
        <test-method status="PASS" signature="TestA()" name="TestA" duration-ms="0" started-at="2014-12-14T17:39:11Z" finished-at="2014-12-14T17:39:11Z">
        </test-method>
        <test-method status="FAIL" signature="TestB()" name="TestB" duration-ms="0" started-at="2014-12-14T17:39:11Z" finished-at="2014-12-14T17:39:11Z">
          <exception class="java.lang.AssertionError">
            <message>
              <![CDATA[expected:<B> but was:<A>]]>
            </message>
            <full-stacktrace>
              <![CDATA[java.lang.AssertionError: expected:<B> but was:<A>
	at org.testng.Assert.fail(Assert.java:89)
	at org.testng.Assert.failNotEquals(Assert.java:480)
	at org.testng.Assert.assertEquals(Assert.java:118)
	at org.testng.Assert.assertEquals(Assert.java:171)
	at org.testng.Assert.assertEquals(Assert.java:181)
	at Tests.ListenerTest.TestB(ListenerTest.java:17)
	at sun.reflect.NativeMethodAccessorImpl.invoke0(Native Method)
	at sun.reflect.NativeMethodAccessorImpl.invoke(NativeMethodAccessorImpl.java:57)
	at sun.reflect.DelegatingMethodAccessorImpl.invoke(DelegatingMethodAccessorImpl.java:43)
	at java.lang.reflect.Method.invoke(Method.java:606)
	at org.testng.internal.MethodInvocationHelper.invokeMethod(MethodInvocationHelper.java:74)
	at org.testng.internal.Invoker.invokeMethod(Invoker.java:673)
	at org.testng.internal.Invoker.invokeTestMethod(Invoker.java:846)
	at org.testng.internal.Invoker.invokeTestMethods(Invoker.java:1170)
	at org.testng.internal.TestMethodWorker.invokeTestMethods(TestMethodWorker.java:125)
	at org.testng.internal.TestMethodWorker.run(TestMethodWorker.java:109)
	at org.testng.TestRunner.runWorkers(TestRunner.java:1125)
	at org.testng.TestRunner.privateRun(TestRunner.java:749)
	at org.testng.TestRunner.run(TestRunner.java:600)
	at org.testng.SuiteRunner.runTest(SuiteRunner.java:317)
	at org.testng.SuiteRunner.runSequentially(SuiteRunner.java:312)
	at org.testng.SuiteRunner.privateRun(SuiteRunner.java:274)
	at org.testng.SuiteRunner.run(SuiteRunner.java:223)
	at org.testng.SuiteRunnerWorker.runSuite(SuiteRunnerWorker.java:52)
	at org.testng.SuiteRunnerWorker.run(SuiteRunnerWorker.java:86)
	at org.testng.TestNG.runSuitesSequentially(TestNG.java:965)
	at org.testng.TestNG.runSuitesLocally(TestNG.java:890)
	at org.testng.TestNG.run(TestNG.java:824)
	at org.testng.TestNG.privateMain(TestNG.java:1128)
	at org.testng.TestNG.main(TestNG.java:1092)
]]>
            </full-stacktrace>
          </exception>
        </test-method>
      </class>
    </test>
    <test name="My Test 1" duration-ms="40" started-at="2014-12-14T17:39:09Z" finished-at="2014-12-14T17:39:09Z">
      <class name="Tests.JimmyTest">
        <test-method status="PASS" signature="Trial()" name="Trial" duration-ms="10" started-at="2014-12-14T17:39:09Z" finished-at="2014-12-14T17:39:09Z">
        </test-method>
        <test-method status="PASS" signature="Trial2()" name="Trial2" duration-ms="10" started-at="2014-12-14T17:39:09Z" finished-at="2014-12-14T17:39:09Z">
        </test-method>
      </class>
    </test>
    <test name="Provider" duration-ms="20" started-at="2014-12-14T17:39:11Z" finished-at="2014-12-14T17:39:11Z">
      <class name="Tests.providerTest">
        <test-method status="PASS" signature="Tests2(java.lang.String, java.lang.String, java.lang.String)" name="Tests2" duration-ms="0" started-at="2014-12-14T17:39:11Z" finished-at="2014-12-14T17:39:11Z">
          <params>
            <param index="0">
              <value>
                <![CDATA[Seni5]]>
              </value>
            </param>
            <param index="1">
              <value>
                <![CDATA[Nana8]]>
              </value>
            </param>
            <param index="2">
              <value>
                <![CDATA[Toyin00]]>
              </value>
            </param>
          </params>
        </test-method>
        <test-method status="PASS" signature="Tests(java.lang.String, java.lang.String, java.lang.String)" name="Tests" duration-ms="0" started-at="2014-12-14T17:39:11Z" finished-at="2014-12-14T17:39:11Z">
          <params>
            <param index="0">
              <value>
                <![CDATA[Seni]]>
              </value>
            </param>
            <param index="1">
              <value>
                <![CDATA[Nana]]>
              </value>
            </param>
            <param index="2">
              <value>
                <![CDATA[Toyin]]>
              </value>
            </param>
          </params>
        </test-method>
        <test-method status="PASS" signature="Tests(java.lang.String, java.lang.String, java.lang.String)" name="Tests" duration-ms="0" started-at="2014-12-14T17:39:11Z" finished-at="2014-12-14T17:39:11Z">
          <params>
            <param index="0">
              <value>
                <![CDATA[Seni10]]>
              </value>
            </param>
            <param index="1">
              <value>
                <![CDATA[Nana15]]>
              </value>
            </param>
            <param index="2">
              <value>
                <![CDATA[Toyin25]]>
              </value>
            </param>
          </params>
        </test-method>
        <test-method status="PASS" signature="Tests2(java.lang.String, java.lang.String, java.lang.String)" name="Tests2" duration-ms="0" started-at="2014-12-14T17:39:11Z" finished-at="2014-12-14T17:39:11Z">
          <params>
            <param index="0">
              <value>
                <![CDATA[Seni1011]]>
              </value>
            </param>
            <param index="1">
              <value>
                <![CDATA[Nana105]]>
              </value>
            </param>
            <param index="2">
              <value>
                <![CDATA[Toyin205]]>
              </value>
            </param>
          </params>
        </test-method>
        <test-method status="PASS" signature="A(java.lang.String, java.lang.String)" name="A" duration-ms="0" started-at="2014-12-14T17:39:11Z" finished-at="2014-12-14T17:39:11Z">
          <params>
            <param index="0">
              <value>
                <![CDATA[Nana]]>
              </value>
            </param>
            <param index="1">
              <value>
                <![CDATA[Toyin]]>
              </value>
            </param>
          </params>
        </test-method>
        <test-method status="PASS" signature="B(java.lang.String, java.lang.String)" name="B" duration-ms="0" started-at="2014-12-14T17:39:11Z" finished-at="2014-12-14T17:39:11Z">
          <params>
            <param index="0">
              <value>
                <![CDATA[Debbie]]>
              </value>
            </param>
            <param index="1">
              <value>
                <![CDATA[Oberiko000]]>
              </value>
            </param>
          </params>
        </test-method>
        <test-method status="PASS" signature="A(java.lang.String, java.lang.String)" name="A" duration-ms="0" started-at="2014-12-14T17:39:11Z" finished-at="2014-12-14T17:39:11Z">
          <params>
            <param index="0">
              <value>
                <![CDATA[Nana1]]>
              </value>
            </param>
            <param index="1">
              <value>
                <![CDATA[Toyin1]]>
              </value>
            </param>
          </params>
        </test-method>
        <test-method status="PASS" signature="B(java.lang.String, java.lang.String)" name="B" duration-ms="0" started-at="2014-12-14T17:39:11Z" finished-at="2014-12-14T17:39:11Z">
          <params>
            <param index="0">
              <value>
                <![CDATA[Debbie00]]>
              </value>
            </param>
            <param index="1">
              <value>
                <![CDATA[Oberiko]]>
              </value>
            </param>
          </params>
        </test-method>
      </class>
    </test>
  </suite>
</testng-results>
